<?xml version="1.0" encoding="UTF-8"?>
<!-- Generated by org.testng.reporters.JUnitReportReporter -->
<testsuite hostname="SYS0081" name="com.diw.test.LoginTest" tests="2" failures="0" timestamp="15 Sep 2014 08:49:59 GMT" time="12.720" errors="0">
  <testcase name="checkUserLogin" time="9.755" classname="com.diw.test.LoginTest"/>
  <testcase name="checkUserLogout" time="2.965" classname="com.diw.test.LoginTest"/>
</testsuite> <!-- com.diw.test.LoginTest -->
