<?xml version="1.0" encoding="UTF-8"?>
<!-- Generated by org.testng.reporters.JUnitReportReporter -->
<testsuite hostname="SYS0081" name="com.diw.test.LoginTest" tests="2" failures="0" timestamp="15 Sep 2014 09:06:09 GMT" time="14.670" errors="0">
  <testcase name="checkUserLogout" time="3.603" classname="com.diw.test.LoginTest"/>
  <testcase name="checkUserLogin" time="11.067" classname="com.diw.test.LoginTest"/>
</testsuite> <!-- com.diw.test.LoginTest -->
