<?xml version="1.0" encoding="UTF-8"?>
<!-- Generated by org.testng.reporters.JUnitReportReporter -->
<testsuite hostname="SYS0081" name="com.diw.test.LoginTest" tests="2" failures="0" timestamp="17 Jul 2014 09:45:46 GMT" time="18.742" errors="0">
  <testcase name="checkUserLogout" time="3.046" classname="com.diw.test.LoginTest"/>
  <testcase name="checkUserLogin" time="15.696" classname="com.diw.test.LoginTest"/>
</testsuite> <!-- com.diw.test.LoginTest -->
