<?xml version="1.0" encoding="UTF-8"?>
<!-- Generated by org.testng.reporters.JUnitReportReporter -->
<testsuite hostname="SYS0081" name="com.diw.test.LoginTest" tests="4" failures="0" timestamp="18 Jun 2014 05:20:17 GMT" time="42.025" errors="0">
  <testcase name="checkUserLogout" time="5.063" classname="com.diw.test.LoginTest"/>
  <testcase name="checkUserLogin" time="15.310" classname="com.diw.test.LoginTest"/>
  <testcase name="checkUserLogout" time="4.484" classname="com.diw.test.LoginTest"/>
  <testcase name="checkUserLogin" time="17.168" classname="com.diw.test.LoginTest"/>
</testsuite> <!-- com.diw.test.LoginTest -->
